[2026-04-04 16:02:34] DECAP: Valdris decapitated by Mael (room 30252)
[2026-04-04 16:03:11] DECAP: Oryn decapitated by Zilvra (room 30234)
[2026-04-04 16:06:53] DECAP: Mordak decapitated by Valdris (room 30254)
[2026-04-04 16:13:34] DECAP: Fenris decapitated by Valdris (room 30241)
[2026-04-04 16:15:42] GENSTEAL: Valdris stole gen from Quelzar (room 30253)
[2026-04-04 16:20:18] DECAP: Fenris decapitated by Thorn (room 30236)
[2026-04-04 16:22:47] DECAP: Valdris decapitated by Oryn (room 30234)
[2026-04-04 16:25:17] DECAP: Nyx decapitated by Thorn (room 9238)
[2026-04-04 16:25:49] DECAP: Soren decapitated by Mael (room 30250)
[2026-04-04 16:26:10] DECAP: Oryn decapitated by Valdris (room 30234)
[2026-04-04 16:30:18] DECAP: Valdris decapitated by Mael (room 30234)
[2026-04-04 16:31:41] DECAP: Fenris decapitated by Quelzar (room 30250)
[2026-04-04 16:33:02] DECAP: Yrel decapitated by Thorn (room 30233)
[2026-04-04 16:35:19] DECAP: Vex decapitated by Valdris (room 9216)
[2026-04-04 16:36:23] GENSTEAL: Soren stole gen from Oryn (room 30232)
[2026-04-04 16:38:26] DECAP: Soren decapitated by Thorn (room 5279)
[2026-04-04 16:40:14] DECAP: Yrel decapitated by Mael (room 3005)
[2026-04-04 16:41:58] DECAP: Vex decapitated by Wrex (room 30249)
[2026-04-04 16:42:07] DECAP: Thorn decapitated by Oryn (room 30251)
[2026-04-04 16:45:08] GENSTEAL: Yrel stole gen from Tyral (room 30247)
[2026-04-04 16:45:57] DECAP: Fenris decapitated by Vael (room 30234)
[2026-04-04 16:46:31] DECAP: Yrel decapitated by Quelzar (room 30248)
[2026-04-04 16:47:23] DECAP: Soren decapitated by Wrex (room 30234)
[2026-04-04 16:49:50] DECAP: Vael decapitated by Ivar (room 30233)
[2026-04-04 16:50:43] DECAP: Vex decapitated by Quelzar (room 30252)
[2026-04-04 16:52:28] DECAP: Mordain decapitated by Zilvra (room 9214)
[2026-04-04 16:54:31] DECAP: Oryn decapitated by Quelzar (room 30256)
[2026-04-04 16:55:35] DECAP: Tyral decapitated by Xolvrae (room 30253)
[2026-04-04 16:56:45] DECAP: Zilvra decapitated by Ivar (room 9215)
[2026-04-04 16:58:03] GENSTEAL: Sylas stole gen from Thorn (room 30234)
[2026-04-04 16:59:11] GENSTEAL: Vex stole gen from Soren (room 30234)
[2026-04-04 17:00:32] GENSTEAL: Quelzar stole gen from Xolvrae (room 30254)
[2026-04-04 17:02:36] DECAP: Tyral decapitated by Valdris (room 30241)
[2026-04-04 17:09:13] DECAP: Thorn decapitated by Sylas (room 30237)
[2026-04-04 17:10:40] GENSTEAL: Ivar stole gen from Sylas (room 30237)
[2026-04-04 17:13:55] DECAP: Vael decapitated by Thorn (room 30252)
[2026-04-04 17:15:35] DECAP: Sylas decapitated by Oryn (room 9213)
[2026-04-04 17:15:59] DECAP: Nyx decapitated by Valdris (room 9212)
[2026-04-04 17:21:43] DECAP: Vael decapitated by Valdris (room 30237)
[2026-04-04 17:23:53] DECAP: Sylas decapitated by Quelzar (room 4776)
[2026-04-04 17:26:58] DECAP: Vael decapitated by Xolvrae (room 30254)
[2026-04-04 17:27:45] DECAP: Cael decapitated by Ivar (room 9219)
[2026-04-04 17:28:26] DECAP: Fenris decapitated by Quelzar (room 30239)
[2026-04-04 17:31:19] DECAP: Xan decapitated by Valdris (room 9207)
[2026-04-04 17:31:55] DECAP: Drisnil decapitated by Fenris (room 9201)
[2026-04-04 17:34:48] DECAP: Oryn decapitated by Drisnil (room 9206)
[2026-04-04 17:36:57] GENSTEAL: Ilvaen stole gen from Szoryn (room 9212)
[2026-04-04 17:37:53] DECAP: Oryn decapitated by Xolvrae (room 30234)
[2026-04-04 17:43:27] DECAP: Tyral decapitated by Valdris (room 30240)
[2026-04-04 17:44:07] DECAP: Xolvrae decapitated by Sylas (room 9227)
[2026-04-04 17:45:50] DECAP: Tyral decapitated by Ivar (room 30250)
[2026-04-04 17:47:32] DECAP: Mordak decapitated by Valdris (room 30254)
[2026-04-04 17:47:43] GENSTEAL: Quelzar stole gen from Valdris (room 30254)
[2026-04-04 17:49:42] DECAP: Yrel decapitated by Zilvra (room 30235)
[2026-04-04 17:50:20] DECAP: Quelzar decapitated by Sylas (room 30255)
[2026-04-04 17:51:51] GENSTEAL: Kast stole gen from Quelzar (room 3500)
[2026-04-04 17:52:33] GENSTEAL: Oryn stole gen from Yrel (room 30245)
[2026-04-04 17:56:22] GENSTEAL: Valdris stole gen from Quelzar (room 30240)
[2026-04-04 18:00:34] DECAP: Mordak decapitated by Wrex (room 30238)
[2026-04-04 18:01:27] DECAP: Vael decapitated by Ivar (room 4775)
[2026-04-04 18:02:37] GENSTEAL: Nyx stole gen from Wrex (room 30238)
[2026-04-04 18:05:43] DECAP: Zilvra decapitated by Oryn (room 4775)
